\BOOKMARK [1][-]{section*.1}{Introduction}{}% 1
\BOOKMARK [2][-]{section*.2}{Supernovae Classification}{section*.1}% 2
\BOOKMARK [2][-]{section*.3}{Supernova Discovery}{section*.1}% 3
\BOOKMARK [2][-]{section*.4}{Application to Cosmology}{section*.1}% 4
\BOOKMARK [2][-]{section*.5}{Project Aims}{section*.1}% 5
\BOOKMARK [1][-]{section*.6}{Observations}{}% 6
\BOOKMARK [2][-]{section*.7}{Data Collection}{section*.6}% 7
\BOOKMARK [2][-]{section*.8}{Observations Made}{section*.6}% 8
\BOOKMARK [2][-]{section*.9}{Data Analysis}{section*.6}% 9
\BOOKMARK [2][-]{section*.10}{Data Uncertainties}{section*.6}% 10
\BOOKMARK [2][-]{section*.11}{Final Data}{section*.6}% 11
\BOOKMARK [1][-]{section*.12}{Analysis}{}% 12
\BOOKMARK [2][-]{section*.13}{Supernovae Models}{section*.12}% 13
\BOOKMARK [2][-]{section*.14}{Results}{section*.12}% 14
\BOOKMARK [1][-]{section*.15}{Discussion}{}% 15
\BOOKMARK [2][-]{section*.16}{SNooPy, the Type Ia SNe template fitter}{section*.15}% 16
\BOOKMARK [3][-]{section*.17}{What is the initial quality of the fit?}{section*.16}% 17
\BOOKMARK [3][-]{section*.18}{How is the fitting actually performed?}{section*.16}% 18
\BOOKMARK [3][-]{section*.19}{So, how do we view the quality of the fit now?}{section*.16}% 19
\BOOKMARK [3][-]{section*.20}{Can we use our results for cosmology then?}{section*.16}% 20
\BOOKMARK [2][-]{section*.21}{Observing supernovae}{section*.15}% 21
\BOOKMARK [2][-]{section*.22}{Extension work}{section*.15}% 22
\BOOKMARK [1][-]{section*.23}{Conclusions}{}% 23
\BOOKMARK [1][-]{section*.24}{Acknowledgements}{}% 24
\BOOKMARK [1][-]{section*.25}{References}{}% 25
\BOOKMARK [1][-]{section*.26}{Appendix A - Objects Log}{}% 26
\BOOKMARK [1][-]{section*.27}{Appendix B - Observation Logs}{}% 27
\BOOKMARK [1][-]{section*.28}{Appendix C - Using SNooPy}{}% 28
\BOOKMARK [2][-]{section*.29}{A basic fit with fit\(\)}{section*.28}% 29
\BOOKMARK [2][-]{section*.30}{A more complex fit with fitMCMC\(\)}{section*.28}% 30
\BOOKMARK [1][-]{section*.31}{Appendix D - Uncertainties}{}% 31
